0 verbose cli C:\Program Files\nodejs\node.exe C:\Program Files\nodejs\node_modules\npm\bin\npm-cli.js
1 info using npm@11.16.0
2 info using node@v24.18.0
3 silly config load:file:C:\Program Files\nodejs\node_modules\npm\npmrc
4 silly config load:file:C:\Users\sochi\HumanDesignNatal_bot\.npmrc
5 silly config load:file:C:\Users\sochi\.npmrc
6 silly config load:file:C:\Users\sochi\AppData\Roaming\npm\etc\npmrc
7 verbose title npm audit
8 verbose argv "audit" "--omit" "optional" "--cache" ".\\.npm-cache"
9 verbose logfile logs-max:10 dir:C:\Users\sochi\HumanDesignNatal_bot\.npm-cache\_logs\2026-07-07T20_05_45_565Z-
10 verbose logfile C:\Users\sochi\HumanDesignNatal_bot\.npm-cache\_logs\2026-07-07T20_05_45_565Z-debug-0.log
11 silly logfile done cleaning log files
12 silly packumentCache heap:4496293888 maxSize:1124073472 maxEntrySize:562036736
13 silly audit bulk request {
13 silly audit   '@telegraf/types': [ '7.1.0' ],
13 silly audit   '@turf/boolean-point-in-polygon': [ '7.3.5' ],
13 silly audit   '@turf/helpers': [ '7.3.5' ],
13 silly audit   '@turf/invariant': [ '7.3.5' ],
13 silly audit   '@types/geojson': [ '7946.0.16' ],
13 silly audit   'abort-controller': [ '3.0.0' ],
13 silly audit   'agent-base': [ '6.0.2' ],
13 silly audit   'array-source': [ '0.0.4' ],
13 silly audit   asynckit: [ '0.4.0' ],
13 silly audit   axios: [ '1.18.1' ],
13 silly audit   'buffer-alloc': [ '1.2.0' ],
13 silly audit   'buffer-alloc-unsafe': [ '1.1.0' ],
13 silly audit   'buffer-fill': [ '1.0.0' ],
13 silly audit   'buffer-from': [ '1.1.2' ],
13 silly audit   'call-bind-apply-helpers': [ '1.0.2' ],
13 silly audit   'combined-stream': [ '1.0.8' ],
13 silly audit   commander: [ '2.20.3' ],
13 silly audit   'concat-stream': [ '2.0.0' ],
13 silly audit   debug: [ '4.4.3' ],
13 silly audit   'delayed-stream': [ '1.0.0' ],
13 silly audit   dotenv: [ '16.6.1' ],
13 silly audit   'dunder-proto': [ '1.0.1' ],
13 silly audit   'es-define-property': [ '1.0.1' ],
13 silly audit   'es-errors': [ '1.3.0' ],
13 silly audit   'es-object-atoms': [ '1.1.2' ],
13 silly audit   'es-set-tostringtag': [ '2.1.0' ],
13 silly audit   'event-target-shim': [ '5.0.1' ],
13 silly audit   'file-source': [ '0.6.1' ],
13 silly audit   'follow-redirects': [ '1.16.0' ],
13 silly audit   'form-data': [ '4.0.6' ],
13 silly audit   'function-bind': [ '1.1.2' ],
13 silly audit   'geo-tz': [ '8.1.7' ],
13 silly audit   geobuf: [ '3.0.2' ],
13 silly audit   'get-intrinsic': [ '1.3.0' ],
13 silly audit   'get-proto': [ '1.0.1' ],
13 silly audit   gopd: [ '1.2.0' ],
13 silly audit   'has-symbols': [ '1.1.0' ],
13 silly audit   'has-tostringtag': [ '1.0.2' ],
13 silly audit   hasown: [ '2.0.4' ],
13 silly audit   'https-proxy-agent': [ '5.0.1' ],
13 silly audit   ieee754: [ '1.2.1' ],
13 silly audit   inherits: [ '2.0.4' ],
13 silly audit   'math-intrinsics': [ '1.1.0' ],
13 silly audit   'mime-db': [ '1.52.0' ],
13 silly audit   'mime-types': [ '2.1.35' ],
13 silly audit   mri: [ '1.2.0' ],
13 silly audit   ms: [ '2.1.3' ],
13 silly audit   'node-fetch': [ '2.7.0' ],
13 silly audit   'p-timeout': [ '4.1.0' ],
13 silly audit   'path-source': [ '0.1.3' ],
13 silly audit   pbf: [ '3.3.0' ],
13 silly audit   'point-in-polygon-hao': [ '1.2.4' ],
13 silly audit   'protocol-buffers-schema': [ '3.6.1' ],
13 silly audit   'proxy-from-env': [ '2.1.0' ],
13 silly audit   'readable-stream': [ '3.6.2' ],
13 silly audit   'resolve-protobuf-schema': [ '2.1.0' ],
13 silly audit   'robust-predicates': [ '3.0.3' ],
13 silly audit   'safe-buffer': [ '5.2.1' ],
13 silly audit   'safe-compare': [ '1.1.4' ],
13 silly audit   'sandwich-stream': [ '2.0.2' ],
13 silly audit   shapefile: [ '0.6.6' ],
13 silly audit   'slice-source': [ '0.4.1' ],
13 silly audit   'stream-source': [ '0.3.5' ],
13 silly audit   string_decoder: [ '1.3.0' ],
13 silly audit   telegraf: [ '4.16.3' ],
13 silly audit   'text-encoding': [ '0.6.4' ],
13 silly audit   tr46: [ '0.0.3' ],
13 silly audit   tslib: [ '2.8.1' ],
13 silly audit   typedarray: [ '0.0.6' ],
13 silly audit   'util-deprecate': [ '1.0.2' ],
13 silly audit   'webidl-conversions': [ '3.0.1' ],
13 silly audit   'whatwg-url': [ '5.0.0' ]
13 silly audit }
14 http fetch POST 200 https://registry.npmjs.org/-/npm/v1/security/advisories/bulk 460ms
15 silly audit report {}
16 verbose cwd C:\Users\sochi\HumanDesignNatal_bot
17 verbose os Windows_NT 10.0.26200
18 verbose node v24.18.0
19 verbose npm  v11.16.0
20 verbose exit 0
21 info ok
